This is pdfTeX, Version 3.1415926-1.40.10 (MiKTeX 2.8) (preloaded format=pdflatex 2011.4.11)  5 JUL 2011 09:35
entering extended mode
**tesi.tex
("C:\Users\Vincenzo\Desktop\Intel SCC\Latex\tesi.tex"
LaTeX2e <2009/09/24>
Babel <v3.8l> and hyphenation patterns for english, dumylang, nohyphenation, ge
rman, ngerman, german-x-2009-06-19, ngerman-x-2009-06-19, french, loaded.
("C:\Program Files\MiKTeX 2.8\tex\latex\base\book.cls"
Document Class: book 2007/10/19 v1.4h Standard LaTeX document class
("C:\Program Files\MiKTeX 2.8\tex\latex\base\bk11.clo"
File: bk11.clo 2007/10/19 v1.4h Standard LaTeX file (size option)
)
\c@part=\count79
\c@chapter=\count80
\c@section=\count81
\c@subsection=\count82
\c@subsubsection=\count83
\c@paragraph=\count84
\c@subparagraph=\count85
\c@figure=\count86
\c@table=\count87
\abovecaptionskip=\skip41
\belowcaptionskip=\skip42
\bibindent=\dimen102
)
("C:\Program Files\MiKTeX 2.8\tex\latex\lm\lmodern.sty"
Package: lmodern 2009/10/30 v1.6 Latin Modern Fonts
LaTeX Font Info:    Overwriting symbol font `operators' in version `normal'
(Font)                  OT1/cmr/m/n --> OT1/lmr/m/n on input line 22.
LaTeX Font Info:    Overwriting symbol font `letters' in version `normal'
(Font)                  OML/cmm/m/it --> OML/lmm/m/it on input line 23.
LaTeX Font Info:    Overwriting symbol font `symbols' in version `normal'
(Font)                  OMS/cmsy/m/n --> OMS/lmsy/m/n on input line 24.
LaTeX Font Info:    Overwriting symbol font `largesymbols' in version `normal'
(Font)                  OMX/cmex/m/n --> OMX/lmex/m/n on input line 25.
LaTeX Font Info:    Overwriting symbol font `operators' in version `bold'
(Font)                  OT1/cmr/bx/n --> OT1/lmr/bx/n on input line 26.
LaTeX Font Info:    Overwriting symbol font `letters' in version `bold'
(Font)                  OML/cmm/b/it --> OML/lmm/b/it on input line 27.
LaTeX Font Info:    Overwriting symbol font `symbols' in version `bold'
(Font)                  OMS/cmsy/b/n --> OMS/lmsy/b/n on input line 28.
LaTeX Font Info:    Overwriting symbol font `largesymbols' in version `bold'
(Font)                  OMX/cmex/m/n --> OMX/lmex/m/n on input line 29.
LaTeX Font Info:    Overwriting math alphabet `\mathbf' in version `normal'
(Font)                  OT1/cmr/bx/n --> OT1/lmr/bx/n on input line 31.
LaTeX Font Info:    Overwriting math alphabet `\mathsf' in version `normal'
(Font)                  OT1/cmss/m/n --> OT1/lmss/m/n on input line 32.
LaTeX Font Info:    Overwriting math alphabet `\mathit' in version `normal'
(Font)                  OT1/cmr/m/it --> OT1/lmr/m/it on input line 33.
LaTeX Font Info:    Overwriting math alphabet `\mathtt' in version `normal'
(Font)                  OT1/cmtt/m/n --> OT1/lmtt/m/n on input line 34.
LaTeX Font Info:    Overwriting math alphabet `\mathbf' in version `bold'
(Font)                  OT1/cmr/bx/n --> OT1/lmr/bx/n on input line 35.
LaTeX Font Info:    Overwriting math alphabet `\mathsf' in version `bold'
(Font)                  OT1/cmss/bx/n --> OT1/lmss/bx/n on input line 36.
LaTeX Font Info:    Overwriting math alphabet `\mathit' in version `bold'
(Font)                  OT1/cmr/bx/it --> OT1/lmr/bx/it on input line 37.
LaTeX Font Info:    Overwriting math alphabet `\mathtt' in version `bold'
(Font)                  OT1/cmtt/m/n --> OT1/lmtt/m/n on input line 38.
)
("C:\Program Files\MiKTeX 2.8\tex\latex\dstroke\dsfont.sty"
Package: dsfont 1995/08/01 v0.1 Double stroke roman fonts
)
("C:\Program Files\MiKTeX 2.8\tex\latex\amsfonts\amssymb.sty"
Package: amssymb 2009/06/22 v3.00

("C:\Program Files\MiKTeX 2.8\tex\latex\amsfonts\amsfonts.sty"
Package: amsfonts 2009/06/22 v3.00 Basic AMSFonts support
\@emptytoks=\toks14
\symAMSa=\mathgroup4
\symAMSb=\mathgroup5
LaTeX Font Info:    Overwriting math alphabet `\mathfrak' in version `bold'
(Font)                  U/euf/m/n --> U/euf/b/n on input line 96.
))
("C:\Program Files\MiKTeX 2.8\tex\latex\ams\math\amsmath.sty"
Package: amsmath 2000/07/18 v2.13 AMS math features
\@mathmargin=\skip43

For additional information on amsmath, use the `?' option.
("C:\Program Files\MiKTeX 2.8\tex\latex\ams\math\amstext.sty"
Package: amstext 2000/06/29 v2.01

("C:\Program Files\MiKTeX 2.8\tex\latex\ams\math\amsgen.sty"
File: amsgen.sty 1999/11/30 v2.0
\@emptytoks=\toks15
\ex@=\dimen103
))
("C:\Program Files\MiKTeX 2.8\tex\latex\ams\math\amsbsy.sty"
Package: amsbsy 1999/11/29 v1.2d
\pmbraise@=\dimen104
)
("C:\Program Files\MiKTeX 2.8\tex\latex\ams\math\amsopn.sty"
Package: amsopn 1999/12/14 v2.01 operator names
)
\inf@bad=\count88
LaTeX Info: Redefining \frac on input line 211.
\uproot@=\count89
\leftroot@=\count90
LaTeX Info: Redefining \overline on input line 307.
\classnum@=\count91
\DOTSCASE@=\count92
LaTeX Info: Redefining \ldots on input line 379.
LaTeX Info: Redefining \dots on input line 382.
LaTeX Info: Redefining \cdots on input line 467.
\Mathstrutbox@=\box26
\strutbox@=\box27
\big@size=\dimen105
LaTeX Font Info:    Redeclaring font encoding OML on input line 567.
LaTeX Font Info:    Redeclaring font encoding OMS on input line 568.
\macc@depth=\count93
\c@MaxMatrixCols=\count94
\dotsspace@=\muskip10
\c@parentequation=\count95
\dspbrk@lvl=\count96
\tag@help=\toks16
\row@=\count97
\column@=\count98
\maxfields@=\count99
\andhelp@=\toks17
\eqnshift@=\dimen106
\alignsep@=\dimen107
\tagshift@=\dimen108
\tagwidth@=\dimen109
\totwidth@=\dimen110
\lineht@=\dimen111
\@envbody=\toks18
\multlinegap=\skip44
\multlinetaggap=\skip45
\mathdisplay@stack=\toks19
LaTeX Info: Redefining \[ on input line 2666.
LaTeX Info: Redefining \] on input line 2667.
)
("C:\Program Files\MiKTeX 2.8\tex\latex\txfonts\txfonts.sty"
Package: txfonts 2008/01/22 v3.2.1
LaTeX Font Info:    Redeclaring symbol font `operators' on input line 21.
LaTeX Font Info:    Overwriting symbol font `operators' in version `normal'
(Font)                  OT1/lmr/m/n --> OT1/txr/m/n on input line 21.
LaTeX Font Info:    Overwriting symbol font `operators' in version `bold'
(Font)                  OT1/lmr/bx/n --> OT1/txr/m/n on input line 21.
LaTeX Font Info:    Overwriting symbol font `operators' in version `bold'
(Font)                  OT1/txr/m/n --> OT1/txr/bx/n on input line 22.
\symitalic=\mathgroup6
LaTeX Font Info:    Overwriting symbol font `italic' in version `bold'
(Font)                  OT1/txr/m/it --> OT1/txr/bx/it on input line 26.
LaTeX Font Info:    Redeclaring math alphabet \mathbf on input line 29.
LaTeX Font Info:    Overwriting math alphabet `\mathbf' in version `normal'
(Font)                  OT1/lmr/bx/n --> OT1/txr/bx/n on input line 29.
LaTeX Font Info:    Overwriting math alphabet `\mathbf' in version `bold'
(Font)                  OT1/lmr/bx/n --> OT1/txr/bx/n on input line 29.
LaTeX Font Info:    Redeclaring math alphabet \mathit on input line 30.
LaTeX Font Info:    Overwriting math alphabet `\mathit' in version `normal'
(Font)                  OT1/lmr/m/it --> OT1/txr/m/it on input line 30.
LaTeX Font Info:    Overwriting math alphabet `\mathit' in version `bold'
(Font)                  OT1/lmr/bx/it --> OT1/txr/m/it on input line 30.
LaTeX Font Info:    Overwriting math alphabet `\mathit' in version `bold'
(Font)                  OT1/txr/m/it --> OT1/txr/bx/it on input line 31.
LaTeX Font Info:    Redeclaring math alphabet \mathsf on input line 40.
LaTeX Font Info:    Overwriting math alphabet `\mathsf' in version `normal'
(Font)                  OT1/lmss/m/n --> OT1/txss/m/n on input line 40.
LaTeX Font Info:    Overwriting math alphabet `\mathsf' in version `bold'
(Font)                  OT1/lmss/bx/n --> OT1/txss/m/n on input line 40.
LaTeX Font Info:    Overwriting math alphabet `\mathsf' in version `bold'
(Font)                  OT1/txss/m/n --> OT1/txss/b/n on input line 41.
LaTeX Font Info:    Redeclaring math alphabet \mathtt on input line 50.
LaTeX Font Info:    Overwriting math alphabet `\mathtt' in version `normal'
(Font)                  OT1/lmtt/m/n --> OT1/txtt/m/n on input line 50.
LaTeX Font Info:    Overwriting math alphabet `\mathtt' in version `bold'
(Font)                  OT1/lmtt/m/n --> OT1/txtt/m/n on input line 50.
LaTeX Font Info:    Overwriting math alphabet `\mathtt' in version `bold'
(Font)                  OT1/txtt/m/n --> OT1/txtt/b/n on input line 51.
LaTeX Font Info:    Redeclaring symbol font `letters' on input line 58.
LaTeX Font Info:    Overwriting symbol font `letters' in version `normal'
(Font)                  OML/lmm/m/it --> OML/txmi/m/it on input line 58.
LaTeX Font Info:    Overwriting symbol font `letters' in version `bold'
(Font)                  OML/lmm/b/it --> OML/txmi/m/it on input line 58.
LaTeX Font Info:    Overwriting symbol font `letters' in version `bold'
(Font)                  OML/txmi/m/it --> OML/txmi/bx/it on input line 59.
\symlettersA=\mathgroup7
LaTeX Font Info:    Overwriting symbol font `lettersA' in version `bold'
(Font)                  U/txmia/m/it --> U/txmia/bx/it on input line 67.
LaTeX Font Info:    Redeclaring math alphabet \mathfrak on input line 70.
LaTeX Font Info:    Redeclaring symbol font `symbols' on input line 77.
LaTeX Font Info:    Overwriting symbol font `symbols' in version `normal'
(Font)                  OMS/lmsy/m/n --> OMS/txsy/m/n on input line 77.
LaTeX Font Info:    Overwriting symbol font `symbols' in version `bold'
(Font)                  OMS/lmsy/b/n --> OMS/txsy/m/n on input line 77.
LaTeX Font Info:    Overwriting symbol font `symbols' in version `bold'
(Font)                  OMS/txsy/m/n --> OMS/txsy/bx/n on input line 78.
LaTeX Font Info:    Redeclaring symbol font `AMSa' on input line 93.
LaTeX Font Info:    Overwriting symbol font `AMSa' in version `normal'
(Font)                  U/msa/m/n --> U/txsya/m/n on input line 93.
LaTeX Font Info:    Overwriting symbol font `AMSa' in version `bold'
(Font)                  U/msa/m/n --> U/txsya/m/n on input line 93.
LaTeX Font Info:    Overwriting symbol font `AMSa' in version `bold'
(Font)                  U/txsya/m/n --> U/txsya/bx/n on input line 94.
LaTeX Font Info:    Redeclaring symbol font `AMSb' on input line 102.
LaTeX Font Info:    Overwriting symbol font `AMSb' in version `normal'
(Font)                  U/msb/m/n --> U/txsyb/m/n on input line 102.
LaTeX Font Info:    Overwriting symbol font `AMSb' in version `bold'
(Font)                  U/msb/m/n --> U/txsyb/m/n on input line 102.
LaTeX Font Info:    Overwriting symbol font `AMSb' in version `bold'
(Font)                  U/txsyb/m/n --> U/txsyb/bx/n on input line 103.
\symsymbolsC=\mathgroup8
LaTeX Font Info:    Overwriting symbol font `symbolsC' in version `bold'
(Font)                  U/txsyc/m/n --> U/txsyc/bx/n on input line 113.
LaTeX Font Info:    Redeclaring symbol font `largesymbols' on input line 120.
LaTeX Font Info:    Overwriting symbol font `largesymbols' in version `normal'
(Font)                  OMX/lmex/m/n --> OMX/txex/m/n on input line 120.
LaTeX Font Info:    Overwriting symbol font `largesymbols' in version `bold'
(Font)                  OMX/lmex/m/n --> OMX/txex/m/n on input line 120.
LaTeX Font Info:    Overwriting symbol font `largesymbols' in version `bold'
(Font)                  OMX/txex/m/n --> OMX/txex/bx/n on input line 121.
\symlargesymbolsA=\mathgroup9
LaTeX Font Info:    Overwriting symbol font `largesymbolsA' in version `bold'
(Font)                  U/txexa/m/n --> U/txexa/bx/n on input line 129.
LaTeX Info: Redefining \not on input line 1043.
)
("C:\Program Files\MiKTeX 2.8\tex\generic\babel\babel.sty"
Package: babel 2008/07/06 v3.8l The Babel package

*************************************
* Local config file bblopts.cfg used
*
("C:\Program Files\MiKTeX 2.8\tex\latex\00miktex\bblopts.cfg"
File: bblopts.cfg 2006/07/31 v1.0 MiKTeX 'babel' configuration
)
("C:\Program Files\MiKTeX 2.8\tex\generic\babel\italian.ldf"
Language: italian 2008/03/14 v1.2t Italian support from the babel system

("C:\Program Files\MiKTeX 2.8\tex\generic\babel\babel.def"
File: babel.def 2008/07/06 v3.8l Babel common definitions
\babel@savecnt=\count100
\U@D=\dimen112
)

Package babel Warning: No hyphenation patterns were loaded for
(babel)                the language `Italian'
(babel)                I will use the patterns loaded for \language=0 instead.

\l@italian = a dialect from \language0
Package babel Info: Making " an active character on input line 94.
)) ("C:\Program Files\MiKTeX 2.8\tex\latex\base\fontenc.sty"
Package: fontenc 2005/09/27 v1.99g Standard LaTeX package

("C:\Program Files\MiKTeX 2.8\tex\latex\base\t1enc.def"
File: t1enc.def 2005/09/27 v1.99g Standard LaTeX file
LaTeX Font Info:    Redeclaring font encoding T1 on input line 43.
))
("C:\Program Files\MiKTeX 2.8\tex\latex\base\inputenc.sty"
Package: inputenc 2008/03/30 v1.1d Input encoding file
\inpenc@prehook=\toks20
\inpenc@posthook=\toks21

("C:\Program Files\MiKTeX 2.8\tex\latex\base\latin1.def"
File: latin1.def 2008/03/30 v1.1d Input encoding file
))
("C:\Program Files\MiKTeX 2.8\tex\latex\fancyhdr\fancyhdr.sty"
\fancy@headwidth=\skip46
\f@ncyO@elh=\skip47
\f@ncyO@erh=\skip48
\f@ncyO@olh=\skip49
\f@ncyO@orh=\skip50
\f@ncyO@elf=\skip51
\f@ncyO@erf=\skip52
\f@ncyO@olf=\skip53
\f@ncyO@orf=\skip54
)
("C:\Program Files\MiKTeX 2.8\tex\latex\graphics\graphicx.sty"
Package: graphicx 1999/02/16 v1.0f Enhanced LaTeX Graphics (DPC,SPQR)

("C:\Program Files\MiKTeX 2.8\tex\latex\graphics\keyval.sty"
Package: keyval 1999/03/16 v1.13 key=value parser (DPC)
\KV@toks@=\toks22
)
("C:\Program Files\MiKTeX 2.8\tex\latex\graphics\graphics.sty"
Package: graphics 2009/02/05 v1.0o Standard LaTeX Graphics (DPC,SPQR)

("C:\Program Files\MiKTeX 2.8\tex\latex\graphics\trig.sty"
Package: trig 1999/03/16 v1.09 sin cos tan (DPC)
)
("C:\Program Files\MiKTeX 2.8\tex\latex\00miktex\graphics.cfg"
File: graphics.cfg 2007/01/18 v1.5 graphics configuration of teTeX/TeXLive
)
Package graphics Info: Driver file: pdftex.def on input line 91.

("C:\Program Files\MiKTeX 2.8\tex\latex\pdftex-def\pdftex.def"
File: pdftex.def 2010/02/14 v0.04n Graphics/color for pdfTeX
\Gread@gobject=\count101
))
\Gin@req@height=\dimen113
\Gin@req@width=\dimen114
)
("C:\Users\Vincenzo\Desktop\Intel SCC\Latex\tesi.aux"
("C:\Users\Vincenzo\Desktop\Intel SCC\Latex\frontespizio.aux"))
LaTeX Font Info:    Checking defaults for OML/txmi/m/it on input line 44.
LaTeX Font Info:    Try loading font information for OML+txmi on input line 44.


("C:\Program Files\MiKTeX 2.8\tex\latex\txfonts\omltxmi.fd"
File: omltxmi.fd 2000/12/15 v3.1
)
LaTeX Font Info:    ... okay on input line 44.
LaTeX Font Info:    Checking defaults for T1/cmr/m/n on input line 44.
LaTeX Font Info:    ... okay on input line 44.
LaTeX Font Info:    Checking defaults for OT1/cmr/m/n on input line 44.
LaTeX Font Info:    ... okay on input line 44.
LaTeX Font Info:    Checking defaults for OMS/txsy/m/n on input line 44.
LaTeX Font Info:    Try loading font information for OMS+txsy on input line 44.


("C:\Program Files\MiKTeX 2.8\tex\latex\txfonts\omstxsy.fd"
File: omstxsy.fd 2000/12/15 v3.1
)
LaTeX Font Info:    ... okay on input line 44.
LaTeX Font Info:    Checking defaults for OMX/txex/m/n on input line 44.
LaTeX Font Info:    Try loading font information for OMX+txex on input line 44.


("C:\Program Files\MiKTeX 2.8\tex\latex\txfonts\omxtxex.fd"
File: omxtxex.fd 2000/12/15 v3.1
)
LaTeX Font Info:    ... okay on input line 44.
LaTeX Font Info:    Checking defaults for U/txexa/m/n on input line 44.
LaTeX Font Info:    Try loading font information for U+txexa on input line 44.

("C:\Program Files\MiKTeX 2.8\tex\latex\txfonts\utxexa.fd"
File: utxexa.fd 2000/12/15 v3.1
)
LaTeX Font Info:    ... okay on input line 44.
LaTeX Font Info:    Checking defaults for LGR/cmr/m/n on input line 44.
LaTeX Font Info:    Try loading font information for LGR+cmr on input line 44.

("C:\Program Files\MiKTeX 2.8\tex\generic\babel\lgrcmr.fd"
File: lgrcmr.fd 2008/06/17 v2.3 Greek Computer Modern
)
LaTeX Font Info:    ... okay on input line 44.
LaTeX Font Info:    Try loading font information for T1+txr on input line 44.

("C:\Program Files\MiKTeX 2.8\tex\latex\txfonts\t1txr.fd"
File: t1txr.fd 2000/12/15 v3.1
)
("C:\Program Files\MiKTeX 2.8\tex\context\base\supp-pdf.tex"
[Loading MPS to PDF converter (version 2006.09.02).]
\scratchcounter=\count102
\scratchdimen=\dimen115
\scratchbox=\box28
\nofMPsegments=\count103
\nofMParguments=\count104
\everyMPshowfont=\toks23
\MPscratchCnt=\count105
\MPscratchDim=\dimen116
\MPnumerator=\count106
\everyMPtoPDFconversion=\toks24
) ("C:\Users\Vincenzo\Desktop\Intel SCC\Latex\frontespizio.tex"
<logo_sssup.jpg, id=1, 388.8126pt x 385.44pt>
File: logo_sssup.jpg Graphic file (type jpg)
 <use logo_sssup.jpg>
LaTeX Font Info:    Try loading font information for OT1+txr on input line 36.

("C:\Program Files\MiKTeX 2.8\tex\latex\txfonts\ot1txr.fd"
File: ot1txr.fd 2000/12/15 v3.1
)
LaTeX Font Info:    Try loading font information for U+txsya on input line 36.

("C:\Program Files\MiKTeX 2.8\tex\latex\txfonts\utxsya.fd"
File: utxsya.fd 2000/12/15 v3.1
)
LaTeX Font Info:    Try loading font information for U+txsyb on input line 36.

("C:\Program Files\MiKTeX 2.8\tex\latex\txfonts\utxsyb.fd"
File: utxsyb.fd 2000/12/15 v3.1
)
LaTeX Font Info:    Try loading font information for U+txmia on input line 36.

("C:\Program Files\MiKTeX 2.8\tex\latex\txfonts\utxmia.fd"
File: utxmia.fd 2000/12/15 v3.1
)
LaTeX Font Info:    Try loading font information for U+txsyc on input line 36.

("C:\Program Files\MiKTeX 2.8\tex\latex\txfonts\utxsyc.fd"
File: utxsyc.fd 2000/12/15 v3.1
) [1



{C:/ProgramData/MiKTeX/2.8/pdftex/config/pdftex.map} <C:/Users/Vincenzo/Desktop
/Intel SCC/Latex/logo_sssup.jpg>]) [1




]
Overfull \hbox (3.2765pt too wide) in paragraph at lines 59--60
[]\T1/txr/m/n/10.95 lo stu-dio di un'ar-chitet-tura mul-ti-core basa-ta sul-lo 
scam-bio di mes-sag-gi svilup-
 []

[1


] [2] ("C:\Users\Vincenzo\Desktop\Intel SCC\Latex\tesi.toc" [3

])
\tf@toc=\write3
 [4]
("C:\Users\Vincenzo\Desktop\Intel SCC\Latex\tesi.lof" [5

])
\tf@lof=\write4
 [6]
("C:\Users\Vincenzo\Desktop\Intel SCC\Latex\capitolo1.tex"
Capitolo 1.
[1


] [2] [3]
Capitolo 2.
[4

] [5] <SCCBlockDiagram.png, id=53, 545.03625pt x 382.42876pt>
File: SCCBlockDiagram.png Graphic file (type png)

<use SCCBlockDiagram.png>
Overfull \hbox (1.8311pt too wide) in paragraph at lines 130--133
[]\T1/txr/m/n/10.95 Sono in-oltre pre-sen-ti, come sup-por-to hard-ware al-lo s
cam-bio di mes-sag-gi, dei banchi
 []

[6 <C:/Users/Vincenzo/Desktop/Intel SCC/Latex/SCCBlockDiagram.png>]
<RockyLake.png, id=59, 734.745pt x 499.11469pt>
File: RockyLake.png Graphic file (type png)
 <use RockyLake.png> [7]
<Tile.png, id=63, 386.94562pt x 450.9347pt>
File: Tile.png Graphic file (type png)
 <use Tile.png> [8 <C:/Users/Vincenzo/Desktop/Intel SCC/Latex/RockyLake.png>]
LaTeX Font Info:    Try loading font information for T1+txtt on input line 202.


("C:\Program Files\MiKTeX 2.8\tex\latex\txfonts\t1txtt.fd"
File: t1txtt.fd 2000/12/15 v3.1
) [9 <C:/Users/Vincenzo/Desktop/Intel SCC/Latex/Tile.png>]
<PageTableEntry.png, id=73, 624.08156pt x 285.31593pt>
File: PageTableEntry.png Graphic file (type png)

<use PageTableEntry.png> [10 <C:/Users/Vincenzo/Desktop/Intel SCC/Latex/PageTab
leEntry.png>] [11] [12] <LUT.png, id=86, 817.55438pt x 286.06876pt>
File: LUT.png Graphic file (type png)

<use LUT.png>
Overfull \hbox (7.89607pt too wide) in paragraph at lines 316--317
 [][] 
 []

[13] [14 <C:/Users/Vincenzo/Desktop/Intel SCC/Latex/LUT.png>] [15] [16]
LaTeX Font Info:    Try loading font information for OMS+txr on input line 414.


("C:\Program Files\MiKTeX 2.8\tex\latex\txfonts\omstxr.fd"
File: omstxr.fd 2000/12/15 v3.1
)
LaTeX Font Info:    Font shape `OMS/txr/m/n' in size <10.95> not available
(Font)              Font shape `OMS/txsy/m/n' tried instead on input line 414.
 [17] [18]
Capitolo 3.
[19

] [20] [21]
Overfull \hbox (13.01057pt too wide) in paragraph at lines 505--507
\T1/txr/m/n/10.95 queste lim-i-tazioni, ma al-lo stes-so tem-po in-tro-dur-rebb
e over-head tem-po-rale e spaziale[]. 
 []

[22] [23] [24]) [25] ("C:\Users\Vincenzo\Desktop\Intel SCC\Latex\capitolo3.tex"
[26]
Capitolo 4.
[27

]
Overfull \hbox (3.17816pt too wide) in paragraph at lines 45--46
\T1/txr/m/n/10.95 al val-ore sca-la-to del-la fun-zione fit-ness, per parte-ci-
pare al-la ripro-duzione. 
 []

[28] [29] [30] [31] [32] [33] [34]
Overfull \hbox (0.6156pt too wide) in paragraph at lines 207--222
\T1/txr/m/n/10.95 una ope-ra-zio-ne di \T1/txtt/m/n/10.95 send \T1/txr/m/n/10.9
5 sul no-do suc-ces-si-vo nel ci-clo, ed un'-op-er-azione di \T1/txtt/m/n/10.95
 receive
 []

<migrPari1.png, id=160, 722.7pt x 542.025pt>
File: migrPari1.png Graphic file (type png)
 <use migrPari1.png>
<migrPari2.png, id=161, 722.7pt x 542.025pt>
File: migrPari2.png Graphic file (type png)
 <use migrPari2.png> [35] [36 <C:/Users/Vincenzo/Desktop/Intel SCC/Latex/migrPa
ri1.png (PNG copy)>] [37 <C:/Users/Vincenzo/Desktop/Intel SCC/Latex/migrPari2.p
ng>]
<genPath.png, id=174, 722.7pt x 542.025pt>
File: genPath.png Graphic file (type png)
 <use genPath.png> [38] [39 <C:/Users/Vincenzo/Desktop/Intel SCC/Latex/genPath.
png (PNG copy)>]
<oddPath.png, id=182, 722.7pt x 542.025pt>
File: oddPath.png Graphic file (type png)
 <use oddPath.png>
<verticalTilesPath.png, id=183, 722.7pt x 542.025pt>
File: verticalTilesPath.png Graphic file (type png)

<use verticalTilesPath.png>
<horizontalTilesPath.png, id=184, 722.7pt x 542.025pt>
File: horizontalTilesPath.png Graphic file (type png)

<use horizontalTilesPath.png> <verticalPath.png, id=185, 722.7pt x 542.025pt>
File: verticalPath.png Graphic file (type png)

<use verticalPath.png> <horizontalPath.png, id=186, 722.7pt x 542.025pt>
File: horizontalPath.png Graphic file (type png)

<use horizontalPath.png> [40]
Overfull \hbox (5.90436pt too wide) in paragraph at lines 380--382
[]\T1/txr/m/n/10.95 Per questi mo-tivi, l'al-go-rit-mo di ter-mi-nazione dis-tr
ibui-ta è sta-to con-cepi-to in maniera
 []


Overfull \hbox (1.33832pt too wide) in paragraph at lines 383--388
[]\T1/txr/m/n/10.95 Allo scopo di non appe-san-tire le co-mu-ni-cazioni, il pro
-to-col-lo di seg-nalazione agisce
 []

[41 <C:/Users/Vincenzo/Desktop/Intel SCC/Latex/oddPath.png>] [42 <C:/Users/Vinc
enzo/Desktop/Intel SCC/Latex/verticalTilesPath.png (PNG copy)>] [43 <C:/Users/V
incenzo/Desktop/Intel SCC/Latex/horizontalTilesPath.png (PNG copy)>] [44 <C:/Us
ers/Vincenzo/Desktop/Intel SCC/Latex/verticalPath.png (PNG copy)>]
<machineNormal.png, id=207, 722.7pt x 542.025pt>
File: machineNormal.png Graphic file (type png)
 <use machineNormal.png>
<machineCoord.png, id=208, 722.7pt x 542.025pt>
File: machineCoord.png Graphic file (type png)
 <use machineCoord.png> [45 <C:/Users/Vincenzo/Desktop/Intel SCC/Latex/horizont
alPath.png (PNG copy)>] [46 <C:/Users/Vincenzo/Desktop/Intel SCC/Latex/machineN
ormal.png>] [47 <C:/Users/Vincenzo/Desktop/Intel SCC/Latex/machineCoord.png>]
Capitolo 5.

Overfull \hbox (57.18317pt too wide) in paragraph at lines 481--487
[]\T1/txr/m/n/10.95 Una vol-ta fat-to questo, è nec-es-sario creare un ogget-to
 del-la classe tem-plate \T1/txtt/m/n/10.95 GeneticAlgorithm\T1/txr/m/n/10.95 .

 []

[48

] [49]
Overfull \hbox (44.9849pt too wide) in paragraph at lines 523--528
\T1/txr/m/n/10.95 pos-si-bile in-vo-care, sul-l'ogget-to cre-ato prece-den-te-m
ente, la fun-zione \T1/txtt/m/n/10.95 G.gaUtils.generate(
 []


Overfull \hbox (4.9077pt too wide) in paragraph at lines 523--528
\T1/txtt/m/n/10.95 population_size, initial_population, lower_bound, upper_boun
d )\T1/txr/m/n/10.95 ,
 []


Overfull \hbox (2.32356pt too wide) in paragraph at lines 529--533
\T1/txr/m/n/10.95 fun-zione \T1/txtt/m/n/10.95 G.gaUtils.generate( population_s
ize, initial_population,
 []

[50]
Overfull \hbox (12.16803pt too wide) in paragraph at lines 547--548
[]\T1/txr/m/n/10.95 Un float com-pre-so tra 0.0 ed 1.0 che speci-fi-ca la frazi
one di crossover (\T1/txr/m/it/10.95 crossover
 []

[51] [52] [53]
Capitolo 6.
<tabpar.png, id=241, 484.81125pt x 237.13594pt>
File: tabpar.png Graphic file (type png)
 <use tabpar.png>
<dataset1.png, id=242, 886.81313pt x 523.20468pt>
File: dataset1.png Graphic file (type png)
 <use dataset1.png> [54

]
<grafico1.png, id=246, 919.93687pt x 546.54187pt>
File: grafico1.png Graphic file (type png)
 <use grafico1.png>

pdfTeX warning: pdflatex (file C:/Users/Vincenzo/Desktop/Intel SCC/Latex/tab1.p
df): PDF inclusion: found PDF version <1.5>, but at most version <1.4> allowed
<tab1.pdf, id=247, 597.19112pt x 845.19763pt>
File: tab1.pdf Graphic file (type pdf)
 <use tab1.pdf>
Overfull \hbox (28.16963pt too wide) in paragraph at lines 658--659
 [][] 
 []

<dataset2.png, id=249, 879.285pt x 524.71031pt>
File: dataset2.png Graphic file (type png)
 <use dataset2.png>
<grafico2.png, id=250, 923.70094pt x 551.81157pt>
File: grafico2.png Graphic file (type png)
 <use grafico2.png>

pdfTeX warning: pdflatex (file C:/Users/Vincenzo/Desktop/Intel SCC/Latex/tab3.p
df): PDF inclusion: found PDF version <1.5>, but at most version <1.4> allowed
<tab3.pdf, id=251, 597.19112pt x 845.19763pt>
File: tab3.pdf Graphic file (type pdf)
 <use tab3.pdf>
Overfull \hbox (28.16963pt too wide) in paragraph at lines 690--691
 [][] 
 []

[55 <C:/Users/Vincenzo/Desktop/Intel SCC/Latex/tabpar.png>] [56 <C:/Users/Vince
nzo/Desktop/Intel SCC/Latex/dataset1.png>]
LaTeX Font Info:    Try loading font information for U+dsrom on input line 709.


("C:\Program Files\MiKTeX 2.8\tex\latex\dstroke\udsrom.fd"
File: Udsrom.fd 1995/08/01 v0.1 Double stroke roman font definitions
) [57 <C:/Users/Vincenzo/Desktop/Intel SCC/Latex/grafico1.png>])
("C:\Users\Vincenzo\Desktop\Intel SCC\Latex\bibliografia.tex" [58] [59 <C:/User
s/Vincenzo/Desktop/Intel SCC/Latex/tab1.pdf>] [60 <C:/Users/Vincenzo/Desktop/In
tel SCC/Latex/dataset2.png> <C:/Users/Vincenzo/Desktop/Intel SCC/Latex/grafico2
.png>] [61 <C:/Users/Vincenzo/Desktop/Intel SCC/Latex/tab3.pdf>]
Underfull \hbox (badness 1242) in paragraph at lines 21--23
\T1/txr/m/n/10.95 RCCE: a Small Li-brary for Many-Core Com-mu-ni-ca-tion - Spec
-i-fi-ca-tion
 []


Underfull \hbox (badness 3260) in paragraph at lines 25--27
\T1/txr/m/n/10.95 Light-weight Com-mu-ni-ca-tions on In-tel's Single-Chip Cloud
 Com-put-er
 []

[62

]) [63] ("C:\Users\Vincenzo\Desktop\Intel SCC\Latex\tesi.aux"
("C:\Users\Vincenzo\Desktop\Intel SCC\Latex\frontespizio.aux")) ) 
Here is how much of TeX's memory you used:
 3526 strings out of 495285
 44260 string characters out of 3180385
 90947 words of memory out of 3000000
 6523 multiletter control sequences out of 15000+200000
 99446 words of font info for 163 fonts, out of 3000000 for 9000
 54 hyphenation exceptions out of 8191
 27i,12n,43p,779b,320s stack positions out of 5000i,500n,10000p,200000b,50000s
{C:/Program Fi
les/MiKTeX 2.8/fonts/enc/dvips/fontname/8r.enc}<C:/Program Files/MiKTeX 2.8/fon
ts/type1/public/dstroke/dsrom10.pfb><C:/Program Files/MiKTeX 2.8/fonts/type1/pu
blic/txfonts/rtxb.pfb><C:/Program Files/MiKTeX 2.8/fonts/type1/public/txfonts/r
txbsc.pfb><C:/Program Files/MiKTeX 2.8/fonts/type1/public/txfonts/rtxi.pfb><C:/
Program Files/MiKTeX 2.8/fonts/type1/public/txfonts/rtxmi.pfb><C:/Program Files
/MiKTeX 2.8/fonts/type1/public/txfonts/rtxr.pfb><C:/Program Files/MiKTeX 2.8/fo
nts/type1/public/txfonts/rtxsc.pfb><C:/Program Files/MiKTeX 2.8/fonts/type1/pub
lic/txfonts/t1xtt.pfb><C:/Program Files/MiKTeX 2.8/fonts/type1/public/txfonts/t
xex.pfb><C:/Program Files/MiKTeX 2.8/fonts/type1/public/txfonts/txsy.pfb><C:/Pr
ogram Files/MiKTeX 2.8/fonts/type1/urw/times/utmb8a.pfb><C:/Program Files/MiKTe
X 2.8/fonts/type1/urw/times/utmbi8a.pfb><C:/Program Files/MiKTeX 2.8/fonts/type
1/urw/times/utmr8a.pfb><C:/Program Files/MiKTeX 2.8/fonts/type1/urw/times/utmr8
a.pfb><C:/Program Files/MiKTeX 2.8/fonts/type1/urw/times/utmri8a.pfb>
Output written on tesi.pdf (71 pages, 1862945 bytes).
PDF statistics:
 355 PDF objects out of 1000 (max. 8388607)
 0 named destinations out of 1000 (max. 500000)
 116 words of extra memory for PDF output out of 10000 (max. 10000000)

